<?xml version="1.0" encoding="UTF-8"?>
<!-- Generated by org.testng.reporters.JUnitXMLReporter -->
<testsuite ignored="0" hostname="JKL029" failures="0" tests="1" name="Guru99BankProject" time="7.781" errors="0" timestamp="2024-05-31T18:32:07 IST">
  <testcase classname="com.guru99bankProject.testCases.BaseClass" name="@AfterClass Logout" time="0.015">
    <failure type="java.lang.AssertionError" message="The following asserts failed:
	After logout it lookin for [Performance360] text expected [true] but found [false]">
      <![CDATA[java.lang.AssertionError: The following asserts failed:
After logout it lookin for [Performance360] text expected [true] but found [false]
at com.guru99bankProject.pageObject.PO_HomePage.UserLogout(PO_HomePage.java:243)
at com.guru99bankProject.testCases.BaseClass.Logout(BaseClass.java:138)
at java.base/java.util.ArrayList.forEach(ArrayList.java:1511)
... Removed 25 stack frames]]>
    </failure>
  </testcase> <!-- @AfterClass Logout -->
  <testcase classname="com.guru99bankProject.testCases.TC_Home" name="test_HomePageElement" time="0.034"/>
</testsuite> <!-- Guru99BankProject -->
